#1 [internal] load local bake definitions
#1 reading from stdin 917B done
#1 DONE 0.0s

#2 [backend internal] load build definition from Dockerfile
#2 transferring dockerfile: 751B done
#2 DONE 0.0s

#3 [frontend internal] load build definition from Dockerfile
#3 transferring dockerfile: 701B done
#3 DONE 0.0s

#4 [backend internal] load metadata for docker.io/library/node:20-alpine
#4 DONE 0.3s

#5 [backend internal] load .dockerignore
#5 transferring context: 141B done
#5 DONE 0.0s

#6 [frontend internal] load .dockerignore
#6 transferring context: 145B done
#6 DONE 0.0s

#7 [backend base 1/1] FROM docker.io/library/node:20-alpine@sha256:09e2b3d9726018aecf269bd35325f46bf75046a643a66d28360ec71132750ec8
#7 resolve docker.io/library/node:20-alpine@sha256:09e2b3d9726018aecf269bd35325f46bf75046a643a66d28360ec71132750ec8 0.0s done
#7 DONE 0.0s

#8 [frontend runner 2/6] RUN addgroup --system --gid 1001 nodejs
#8 CACHED

#9 [frontend runner 3/6] RUN adduser --system --uid 1001 nextjs
#9 CACHED

#10 [frontend internal] load build context
#10 transferring context: 1.80kB done
#10 DONE 0.0s

#11 [backend internal] load build context
#11 transferring context: 4.68kB done
#11 DONE 0.0s

#12 [backend builder 1/4] WORKDIR /app
#12 CACHED

#13 [backend development 3/6] COPY package*.json ./
#13 CACHED

#14 [frontend deps 3/4] COPY package*.json ./
#14 CACHED

#15 [frontend deps 4/4] RUN npm install
#15 CACHED

#16 [frontend builder 2/4] COPY --from=deps /app/node_modules ./node_modules
#16 CACHED

#17 [frontend deps 1/4] RUN apk add --no-cache libc6-compat
#17 CACHED

#18 [frontend deps 2/4] WORKDIR /app
#18 CACHED

#19 [frontend builder 3/4] COPY . .
#19 CACHED

#20 [backend development 4/6] RUN npm install
#20 ...

#21 [frontend builder 4/4] RUN npm run build
#21 0.695 
#21 0.695 > siga-frontend@1.0.0 build
#21 0.695 > next build
#21 0.695 
#21 1.222 Attention: Next.js now collects completely anonymous telemetry regarding usage.
#21 1.223 This information is used to shape Next.js' roadmap and prioritize features.
#21 1.223 You can learn more, including how to opt-out if you'd not like to participate in this anonymous program, by visiting the following URL:
#21 1.223 https://nextjs.org/telemetry
#21 1.223 
#21 1.279   ▲ Next.js 14.2.35
#21 1.279 
#21 1.339    Creating an optimized production build ...
#21 14.55  ✓ Compiled successfully
#21 14.55    Linting and checking validity of types ...
#21 17.89    Collecting page data ...
#21 18.88    Generating static pages (0/11) ...
#21 19.21    Generating static pages (2/11) 
#21 19.24    Generating static pages (5/11) 
#21 19.35    Generating static pages (8/11) 
#21 19.37  ✓ Generating static pages (11/11)
#21 19.64    Finalizing page optimization ...
#21 19.64    Collecting build traces ...
#21 ...

#20 [backend development 4/6] RUN npm install
#20 26.64 npm warn deprecated inflight@1.0.6: This module is not supported, and leaks memory. Do not use it. Check out lru-cache if you want a good and tested way to coalesce async requests by a key value, which is much more comprehensive and powerful.
#20 27.40 npm warn deprecated are-we-there-yet@2.0.0: This package is no longer supported.
#20 27.60 npm warn deprecated gauge@3.0.2: This package is no longer supported.
#20 27.69 npm warn deprecated superagent@8.1.2: Please upgrade to superagent v10.2.2+, see release notes at https://github.com/forwardemail/superagent/releases/tag/v10.2.2 - maintenance is supported by Forward Email @ https://forwardemail.net
#20 28.72 npm warn deprecated @humanwhocodes/object-schema@2.0.3: Use @eslint/object-schema instead
#20 28.85 npm warn deprecated @humanwhocodes/config-array@0.13.0: Use @eslint/config-array instead
#20 28.93 npm warn deprecated rimraf@3.0.2: Rimraf versions prior to v4 are no longer supported
#20 28.97 npm warn deprecated npmlog@5.0.1: This package is no longer supported.
#20 29.62 npm warn deprecated supertest@6.3.4: Please upgrade to supertest v7.1.3+, see release notes at https://github.com/forwardemail/supertest/releases/tag/v7.1.3 - maintenance is supported by Forward Email @ https://forwardemail.net
#20 ...

#21 [frontend builder 4/4] RUN npm run build
#21 29.37 
#21 29.38 Route (app)                              Size     First Load JS
#21 29.38 ┌ ○ /                                    145 B          87.5 kB
#21 29.38 ├ ○ /_not-found                          873 B          88.2 kB
#21 29.38 ├ ○ /dashboard                           13.9 kB         130 kB
#21 29.38 ├ ○ /dashboard/contracts                 3.43 kB         119 kB
#21 29.38 ├ ○ /dashboard/maintenance               145 B          87.5 kB
#21 29.38 ├ ○ /dashboard/payments                  145 B          87.5 kB
#21 29.38 ├ ○ /dashboard/properties                3.42 kB         119 kB
#21 29.38 ├ ○ /dashboard/tenants                   3.46 kB         119 kB
#21 29.38 └ ○ /login                               4.09 kB         120 kB
#21 29.38 + First Load JS shared by all            87.3 kB
#21 29.38   ├ chunks/117-b58b1d92618859a3.js       31.7 kB
#21 29.38   ├ chunks/fd9d1056-764cda20c6e1258e.js  53.6 kB
#21 29.38   └ other shared chunks (total)          1.95 kB
#21 29.38 
#21 29.38 
#21 29.38 ○  (Static)  prerendered as static content
#21 29.38 
#21 29.41 npm notice
#21 29.41 npm notice New major version of npm available! 10.8.2 -> 11.9.0
#21 29.41 npm notice Changelog: https://github.com/npm/cli/releases/tag/v11.9.0
#21 29.41 npm notice To update run: npm install -g npm@11.9.0
#21 29.41 npm notice
#21 DONE 29.7s

#20 [backend development 4/6] RUN npm install
#20 29.76 npm warn deprecated multer@1.4.5-lts.2: Multer 1.x is impacted by a number of vulnerabilities, which have been patched in 2.x. You should upgrade to the latest 2.x version.
#20 29.79 npm warn deprecated tar@6.2.1: Old versions of tar are not supported, and contain widely publicized security vulnerabilities, which have been fixed in the current version. Please update. Support for old versions may be purchased (at exorbitant rates) by contacting i@izs.me
#20 30.03 npm warn deprecated glob@7.2.3: Old versions of glob are not supported, and contain widely publicized security vulnerabilities, which have been fixed in the current version. Please update. Support for old versions may be purchased (at exorbitant rates) by contacting i@izs.me
#20 ...

#22 [frontend runner 4/6] COPY --from=builder /app/public ./public
#22 ERROR: failed to calculate checksum of ref aruax487obpcnmzgb0v7dy2qq::fnk16xgdk5b2pfw91wv3v364j: "/app/public": not found

#20 [backend development 4/6] RUN npm install
#20 30.19 npm warn deprecated glob@7.2.3: Old versions of glob are not supported, and contain widely publicized security vulnerabilities, which have been fixed in the current version. Please update. Support for old versions may be purchased (at exorbitant rates) by contacting i@izs.me
#20 30.21 npm warn deprecated glob@7.2.3: Old versions of glob are not supported, and contain widely publicized security vulnerabilities, which have been fixed in the current version. Please update. Support for old versions may be purchased (at exorbitant rates) by contacting i@izs.me
#20 30.21 npm warn deprecated glob@7.2.3: Old versions of glob are not supported, and contain widely publicized security vulnerabilities, which have been fixed in the current version. Please update. Support for old versions may be purchased (at exorbitant rates) by contacting i@izs.me
#20 CANCELED
------
 > [frontend runner 4/6] COPY --from=builder /app/public ./public:
------
Dockerfile:25

--------------------

  23 |     RUN adduser --system --uid 1001 nextjs

  24 |     

  25 | >>> COPY --from=builder /app/public ./public

  26 |     COPY --from=builder --chown=nextjs:nodejs /app/.next/standalone ./

  27 |     COPY --from=builder --chown=nextjs:nodejs /app/.next/static ./.next/static

--------------------

target frontend: failed to solve: failed to compute cache key: failed to calculate checksum of ref aruax487obpcnmzgb0v7dy2qq::fnk16xgdk5b2pfw91wv3v364j: "/app/public": not found

